[0.008s] Invoking command in '/root/hogsmeade/src/build/autonomy': CMAKE_PREFIX_PATH=/opt/ros/humble /usr/bin/cmake /root/hogsmeade/src/autonomy -DCMAKE_INSTALL_PREFIX=/root/hogsmeade/src/install/autonomy
[0.069s] -- The C compiler identification is GNU 11.4.0
[0.138s] -- The CXX compiler identification is GNU 11.4.0
[0.148s] -- Detecting C compiler ABI info
[0.230s] -- Detecting C compiler ABI info - done
[0.236s] -- Check for working C compiler: /usr/bin/cc - skipped
[0.236s] -- Detecting C compile features
[0.236s] -- Detecting C compile features - done
[0.238s] -- Detecting CXX compiler ABI info
[0.329s] -- Detecting CXX compiler ABI info - done
[0.334s] -- Check for working CXX compiler: /usr/bin/c++ - skipped
[0.334s] -- Detecting CXX compile features
[0.335s] -- Detecting CXX compile features - done
[0.336s] -- Found ament_cmake: 1.3.10 (/opt/ros/humble/share/ament_cmake/cmake)
[0.439s] -- Found Python3: /usr/bin/python3 (found version "3.10.12") found components: Interpreter 
[0.494s] -- Found ament_lint_auto: 0.12.11 (/opt/ros/humble/share/ament_lint_auto/cmake)
[0.544s] -- Added test 'lint_cmake' to check CMake code style
[0.545s] -- Added test 'xmllint' to check XML markup files
[0.545s] -- Configuring done
[0.547s] -- Generating done
[0.547s] -- Build files have been written to: /root/hogsmeade/src/build/autonomy
[0.551s] Invoked command in '/root/hogsmeade/src/build/autonomy' returned '0': CMAKE_PREFIX_PATH=/opt/ros/humble /usr/bin/cmake /root/hogsmeade/src/autonomy -DCMAKE_INSTALL_PREFIX=/root/hogsmeade/src/install/autonomy
[0.552s] Invoking command in '/root/hogsmeade/src/build/autonomy': CMAKE_PREFIX_PATH=/opt/ros/humble /usr/bin/cmake --build /root/hogsmeade/src/build/autonomy -- -j20 -l20
[0.587s] Invoked command in '/root/hogsmeade/src/build/autonomy' returned '0': CMAKE_PREFIX_PATH=/opt/ros/humble /usr/bin/cmake --build /root/hogsmeade/src/build/autonomy -- -j20 -l20
[0.637s] Invoking command in '/root/hogsmeade/src/build/autonomy': CMAKE_PREFIX_PATH=/opt/ros/humble /usr/bin/cmake --install /root/hogsmeade/src/build/autonomy
[0.648s] -- Install configuration: ""
[0.649s] -- Installing: /root/hogsmeade/src/install/autonomy/share/ament_index/resource_index/package_run_dependencies/autonomy
[0.649s] -- Installing: /root/hogsmeade/src/install/autonomy/share/ament_index/resource_index/parent_prefix_path/autonomy
[0.649s] -- Installing: /root/hogsmeade/src/install/autonomy/share/autonomy/environment/ament_prefix_path.sh
[0.649s] -- Installing: /root/hogsmeade/src/install/autonomy/share/autonomy/environment/ament_prefix_path.dsv
[0.649s] -- Installing: /root/hogsmeade/src/install/autonomy/share/autonomy/environment/path.sh
[0.649s] -- Installing: /root/hogsmeade/src/install/autonomy/share/autonomy/environment/path.dsv
[0.650s] -- Installing: /root/hogsmeade/src/install/autonomy/share/autonomy/local_setup.bash
[0.650s] -- Installing: /root/hogsmeade/src/install/autonomy/share/autonomy/local_setup.sh
[0.650s] -- Installing: /root/hogsmeade/src/install/autonomy/share/autonomy/local_setup.zsh
[0.650s] -- Installing: /root/hogsmeade/src/install/autonomy/share/autonomy/local_setup.dsv
[0.650s] -- Installing: /root/hogsmeade/src/install/autonomy/share/autonomy/package.dsv
[0.650s] -- Installing: /root/hogsmeade/src/install/autonomy/share/ament_index/resource_index/packages/autonomy
[0.650s] -- Installing: /root/hogsmeade/src/install/autonomy/share/autonomy/cmake/autonomyConfig.cmake
[0.651s] -- Installing: /root/hogsmeade/src/install/autonomy/share/autonomy/cmake/autonomyConfig-version.cmake
[0.651s] -- Installing: /root/hogsmeade/src/install/autonomy/share/autonomy/package.xml
[0.652s] Invoked command in '/root/hogsmeade/src/build/autonomy' returned '0': CMAKE_PREFIX_PATH=/opt/ros/humble /usr/bin/cmake --install /root/hogsmeade/src/build/autonomy
