[0.069s] DEBUG:colcon:Command line arguments: ['/usr/bin/colcon', 'build']
[0.069s] DEBUG:colcon:Parsed command line arguments: Namespace(log_base=None, log_level=None, verb_name='build', build_base='build', install_base='install', merge_install=False, symlink_install=False, test_result_base=None, continue_on_error=False, executor='parallel', parallel_workers=20, event_handlers=None, ignore_user_meta=False, metas=['./colcon.meta'], base_paths=['.'], packages_ignore=None, packages_ignore_regex=None, paths=None, packages_up_to=None, packages_up_to_regex=None, packages_above=None, packages_above_and_dependencies=None, packages_above_depth=None, packages_select_by_dep=None, packages_skip_by_dep=None, packages_skip_up_to=None, packages_select_build_failed=False, packages_skip_build_finished=False, packages_select_test_failures=False, packages_skip_test_passed=False, packages_select=None, packages_skip=None, packages_select_regex=None, packages_skip_regex=None, packages_start=None, packages_end=None, cmake_args=None, cmake_target=None, cmake_target_skip_unavailable=False, cmake_clean_cache=False, cmake_clean_first=False, cmake_force_configure=False, ament_cmake_args=None, catkin_cmake_args=None, catkin_skip_building_tests=False, mixin_files=None, mixin=None, verb_parser=<colcon_mixin.mixin.mixin_argument.MixinArgumentDecorator object at 0x7c1d03bde650>, verb_extension=<colcon_core.verb.build.BuildVerb object at 0x7c1d03b57e50>, main=<bound method BuildVerb.main of <colcon_core.verb.build.BuildVerb object at 0x7c1d03b57e50>>, mixin_verb=('build',))
[0.131s] Level 1:colcon.colcon_core.package_discovery:discover_packages(colcon_meta) check parameters
[0.132s] INFO:colcon.colcon_metadata.package_discovery.colcon_meta:Using configuration from '/root/.colcon/metadata/default/Gazebo.meta'
[0.132s] INFO:colcon.colcon_metadata.package_discovery.colcon_meta:Using configuration from '/root/.colcon/metadata/default/fastrtps.meta'
[0.132s] Level 1:colcon.colcon_core.package_discovery:discover_packages(recursive) check parameters
[0.132s] Level 1:colcon.colcon_core.package_discovery:discover_packages(ignore) check parameters
[0.132s] Level 1:colcon.colcon_core.package_discovery:discover_packages(path) check parameters
[0.132s] Level 1:colcon.colcon_core.package_discovery:discover_packages(colcon_meta) discover
[0.132s] Level 1:colcon.colcon_core.package_discovery:discover_packages(recursive) discover
[0.132s] INFO:colcon.colcon_core.package_discovery:Crawling recursively for packages in '/root/hogsmeade/src'
[0.132s] Level 1:colcon.colcon_core.package_identification:_identify(.) by extensions ['ignore', 'ignore_ament_install']
[0.132s] Level 1:colcon.colcon_core.package_identification:_identify(.) by extension 'ignore'
[0.132s] Level 1:colcon.colcon_core.package_identification:_identify(.) by extension 'ignore_ament_install'
[0.132s] Level 1:colcon.colcon_core.package_identification:_identify(.) by extensions ['colcon_pkg']
[0.132s] Level 1:colcon.colcon_core.package_identification:_identify(.) by extension 'colcon_pkg'
[0.132s] Level 1:colcon.colcon_core.package_identification:_identify(.) by extensions ['colcon_meta']
[0.132s] Level 1:colcon.colcon_core.package_identification:_identify(.) by extension 'colcon_meta'
[0.132s] Level 1:colcon.colcon_core.package_identification:_identify(.) by extensions ['ros']
[0.132s] Level 1:colcon.colcon_core.package_identification:_identify(.) by extension 'ros'
[0.140s] Level 1:colcon.colcon_core.package_identification:_identify(.) by extensions ['cmake', 'python']
[0.140s] Level 1:colcon.colcon_core.package_identification:_identify(.) by extension 'cmake'
[0.140s] Level 1:colcon.colcon_core.package_identification:_identify(.) by extension 'python'
[0.140s] Level 1:colcon.colcon_core.package_identification:_identify(.) by extensions ['python_setup_py']
[0.140s] Level 1:colcon.colcon_core.package_identification:_identify(.) by extension 'python_setup_py'
[0.140s] Level 1:colcon.colcon_core.package_identification:_identify(autonomy) by extensions ['ignore', 'ignore_ament_install']
[0.140s] Level 1:colcon.colcon_core.package_identification:_identify(autonomy) by extension 'ignore'
[0.140s] Level 1:colcon.colcon_core.package_identification:_identify(autonomy) by extension 'ignore_ament_install'
[0.140s] Level 1:colcon.colcon_core.package_identification:_identify(autonomy) by extensions ['colcon_pkg']
[0.140s] Level 1:colcon.colcon_core.package_identification:_identify(autonomy) by extension 'colcon_pkg'
[0.140s] Level 1:colcon.colcon_core.package_identification:_identify(autonomy) by extensions ['colcon_meta']
[0.140s] Level 1:colcon.colcon_core.package_identification:_identify(autonomy) by extension 'colcon_meta'
[0.140s] Level 1:colcon.colcon_core.package_identification:_identify(autonomy) by extensions ['ros']
[0.141s] Level 1:colcon.colcon_core.package_identification:_identify(autonomy) by extension 'ros'
[0.142s] DEBUG:colcon.colcon_core.package_identification:Package 'autonomy' with type 'ros.ament_cmake' and name 'autonomy'
[0.142s] Level 1:colcon.colcon_core.package_identification:_identify(build) by extensions ['ignore', 'ignore_ament_install']
[0.142s] Level 1:colcon.colcon_core.package_identification:_identify(build) by extension 'ignore'
[0.142s] Level 1:colcon.colcon_core.package_identification:_identify(build) ignored
[0.142s] Level 1:colcon.colcon_core.package_identification:_identify(deprec) by extensions ['ignore', 'ignore_ament_install']
[0.142s] Level 1:colcon.colcon_core.package_identification:_identify(deprec) by extension 'ignore'
[0.142s] Level 1:colcon.colcon_core.package_identification:_identify(deprec) ignored
[0.142s] Level 1:colcon.colcon_core.package_identification:_identify(install) by extensions ['ignore', 'ignore_ament_install']
[0.142s] Level 1:colcon.colcon_core.package_identification:_identify(install) by extension 'ignore'
[0.143s] Level 1:colcon.colcon_core.package_identification:_identify(install) ignored
[0.143s] Level 1:colcon.colcon_core.package_identification:_identify(log) by extensions ['ignore', 'ignore_ament_install']
[0.143s] Level 1:colcon.colcon_core.package_identification:_identify(log) by extension 'ignore'
[0.143s] Level 1:colcon.colcon_core.package_identification:_identify(log) ignored
[0.143s] Level 1:colcon.colcon_core.package_discovery:discover_packages(recursive) using defaults
[0.143s] Level 1:colcon.colcon_core.package_discovery:discover_packages(ignore) discover
[0.143s] Level 1:colcon.colcon_core.package_discovery:discover_packages(ignore) using defaults
[0.143s] Level 1:colcon.colcon_core.package_discovery:discover_packages(path) discover
[0.143s] Level 1:colcon.colcon_core.package_discovery:discover_packages(path) using defaults
[0.156s] Level 5:colcon.colcon_core.verb:set package 'autonomy' build argument 'cmake_args' from command line to 'None'
[0.156s] Level 5:colcon.colcon_core.verb:set package 'autonomy' build argument 'cmake_target' from command line to 'None'
[0.156s] Level 5:colcon.colcon_core.verb:set package 'autonomy' build argument 'cmake_target_skip_unavailable' from command line to 'False'
[0.156s] Level 5:colcon.colcon_core.verb:set package 'autonomy' build argument 'cmake_clean_cache' from command line to 'False'
[0.156s] Level 5:colcon.colcon_core.verb:set package 'autonomy' build argument 'cmake_clean_first' from command line to 'False'
[0.156s] Level 5:colcon.colcon_core.verb:set package 'autonomy' build argument 'cmake_force_configure' from command line to 'False'
[0.156s] Level 5:colcon.colcon_core.verb:set package 'autonomy' build argument 'ament_cmake_args' from command line to 'None'
[0.156s] Level 5:colcon.colcon_core.verb:set package 'autonomy' build argument 'catkin_cmake_args' from command line to 'None'
[0.156s] Level 5:colcon.colcon_core.verb:set package 'autonomy' build argument 'catkin_skip_building_tests' from command line to 'False'
[0.156s] DEBUG:colcon.colcon_core.verb:Building package 'autonomy' with the following arguments: {'ament_cmake_args': None, 'build_base': '/root/hogsmeade/src/build/autonomy', 'catkin_cmake_args': None, 'catkin_skip_building_tests': False, 'cmake_args': None, 'cmake_clean_cache': False, 'cmake_clean_first': False, 'cmake_force_configure': False, 'cmake_target': None, 'cmake_target_skip_unavailable': False, 'install_base': '/root/hogsmeade/src/install/autonomy', 'merge_install': False, 'path': '/root/hogsmeade/src/autonomy', 'symlink_install': False, 'test_result_base': None}
[0.156s] INFO:colcon.colcon_core.executor:Executing jobs using 'parallel' executor
[0.157s] DEBUG:colcon.colcon_parallel_executor.executor.parallel:run_until_complete
[0.157s] INFO:colcon.colcon_ros.task.ament_cmake.build:Building ROS package in '/root/hogsmeade/src/autonomy' with build type 'ament_cmake'
[0.157s] INFO:colcon.colcon_cmake.task.cmake.build:Building CMake package in '/root/hogsmeade/src/autonomy'
[0.159s] INFO:colcon.colcon_core.plugin_system:Skipping extension 'colcon_core.shell.bat': Not used on non-Windows systems
[0.159s] INFO:colcon.colcon_core.shell:Skip shell extension 'powershell' for command environment: Not usable outside of PowerShell
[0.159s] DEBUG:colcon.colcon_core.shell:Skip shell extension 'dsv' for command environment
[0.165s] DEBUG:colcon.colcon_core.event_handler.log_command:Invoking command in '/root/hogsmeade/src/build/autonomy': CMAKE_PREFIX_PATH=/opt/ros/humble /usr/bin/cmake /root/hogsmeade/src/autonomy -DCMAKE_INSTALL_PREFIX=/root/hogsmeade/src/install/autonomy
[0.708s] DEBUG:colcon.colcon_core.event_handler.log_command:Invoked command in '/root/hogsmeade/src/build/autonomy' returned '0': CMAKE_PREFIX_PATH=/opt/ros/humble /usr/bin/cmake /root/hogsmeade/src/autonomy -DCMAKE_INSTALL_PREFIX=/root/hogsmeade/src/install/autonomy
[0.710s] DEBUG:colcon.colcon_core.event_handler.log_command:Invoking command in '/root/hogsmeade/src/build/autonomy': CMAKE_PREFIX_PATH=/opt/ros/humble /usr/bin/cmake --build /root/hogsmeade/src/build/autonomy -- -j20 -l20
[0.745s] DEBUG:colcon.colcon_core.event_handler.log_command:Invoked command in '/root/hogsmeade/src/build/autonomy' returned '0': CMAKE_PREFIX_PATH=/opt/ros/humble /usr/bin/cmake --build /root/hogsmeade/src/build/autonomy -- -j20 -l20
[0.795s] DEBUG:colcon.colcon_core.event_handler.log_command:Invoking command in '/root/hogsmeade/src/build/autonomy': CMAKE_PREFIX_PATH=/opt/ros/humble /usr/bin/cmake --install /root/hogsmeade/src/build/autonomy
[0.809s] Level 1:colcon.colcon_core.environment:create_environment_scripts_only(autonomy)
[0.810s] DEBUG:colcon.colcon_core.event_handler.log_command:Invoked command in '/root/hogsmeade/src/build/autonomy' returned '0': CMAKE_PREFIX_PATH=/opt/ros/humble /usr/bin/cmake --install /root/hogsmeade/src/build/autonomy
[0.812s] Level 1:colcon.colcon_core.environment:checking '/root/hogsmeade/src/install/autonomy' for CMake module files
[0.812s] Level 1:colcon.colcon_core.environment:checking '/root/hogsmeade/src/install/autonomy' for CMake config files
[0.812s] Level 1:colcon.colcon_core.shell:create_environment_hook('autonomy', 'cmake_prefix_path')
[0.813s] INFO:colcon.colcon_core.shell:Creating environment hook '/root/hogsmeade/src/install/autonomy/share/autonomy/hook/cmake_prefix_path.ps1'
[0.813s] INFO:colcon.colcon_core.shell:Creating environment descriptor '/root/hogsmeade/src/install/autonomy/share/autonomy/hook/cmake_prefix_path.dsv'
[0.814s] INFO:colcon.colcon_core.shell:Creating environment hook '/root/hogsmeade/src/install/autonomy/share/autonomy/hook/cmake_prefix_path.sh'
[0.815s] Level 1:colcon.colcon_core.environment:checking '/root/hogsmeade/src/install/autonomy/bin'
[0.815s] Level 1:colcon.colcon_core.environment:checking '/root/hogsmeade/src/install/autonomy/lib/pkgconfig/autonomy.pc'
[0.818s] Level 1:colcon.colcon_core.environment:checking '/root/hogsmeade/src/install/autonomy/lib/python3.10/site-packages'
[0.819s] Level 1:colcon.colcon_core.environment:checking '/root/hogsmeade/src/install/autonomy/bin'
[0.819s] INFO:colcon.colcon_core.shell:Creating package script '/root/hogsmeade/src/install/autonomy/share/autonomy/package.ps1'
[0.820s] INFO:colcon.colcon_core.shell:Creating package descriptor '/root/hogsmeade/src/install/autonomy/share/autonomy/package.dsv'
[0.821s] INFO:colcon.colcon_core.shell:Creating package script '/root/hogsmeade/src/install/autonomy/share/autonomy/package.sh'
[0.822s] INFO:colcon.colcon_core.shell:Creating package script '/root/hogsmeade/src/install/autonomy/share/autonomy/package.bash'
[0.823s] INFO:colcon.colcon_core.shell:Creating package script '/root/hogsmeade/src/install/autonomy/share/autonomy/package.zsh'
[0.824s] Level 1:colcon.colcon_core.environment:create_file_with_runtime_dependencies(/root/hogsmeade/src/install/autonomy/share/colcon-core/packages/autonomy)
[0.854s] Level 1:colcon.colcon_core.environment:create_environment_scripts_only(autonomy)
[0.855s] Level 1:colcon.colcon_core.environment:checking '/root/hogsmeade/src/install/autonomy' for CMake module files
[0.855s] Level 1:colcon.colcon_core.environment:checking '/root/hogsmeade/src/install/autonomy' for CMake config files
[0.856s] Level 1:colcon.colcon_core.shell:create_environment_hook('autonomy', 'cmake_prefix_path')
[0.856s] INFO:colcon.colcon_core.shell:Creating environment hook '/root/hogsmeade/src/install/autonomy/share/autonomy/hook/cmake_prefix_path.ps1'
[0.857s] INFO:colcon.colcon_core.shell:Creating environment descriptor '/root/hogsmeade/src/install/autonomy/share/autonomy/hook/cmake_prefix_path.dsv'
[0.857s] INFO:colcon.colcon_core.shell:Creating environment hook '/root/hogsmeade/src/install/autonomy/share/autonomy/hook/cmake_prefix_path.sh'
[0.858s] Level 1:colcon.colcon_core.environment:checking '/root/hogsmeade/src/install/autonomy/bin'
[0.858s] Level 1:colcon.colcon_core.environment:checking '/root/hogsmeade/src/install/autonomy/lib/pkgconfig/autonomy.pc'
[0.858s] Level 1:colcon.colcon_core.environment:checking '/root/hogsmeade/src/install/autonomy/lib/python3.10/site-packages'
[0.858s] Level 1:colcon.colcon_core.environment:checking '/root/hogsmeade/src/install/autonomy/bin'
[0.859s] INFO:colcon.colcon_core.shell:Creating package script '/root/hogsmeade/src/install/autonomy/share/autonomy/package.ps1'
[0.860s] INFO:colcon.colcon_core.shell:Creating package descriptor '/root/hogsmeade/src/install/autonomy/share/autonomy/package.dsv'
[0.861s] INFO:colcon.colcon_core.shell:Creating package script '/root/hogsmeade/src/install/autonomy/share/autonomy/package.sh'
[0.862s] INFO:colcon.colcon_core.shell:Creating package script '/root/hogsmeade/src/install/autonomy/share/autonomy/package.bash'
[0.862s] INFO:colcon.colcon_core.shell:Creating package script '/root/hogsmeade/src/install/autonomy/share/autonomy/package.zsh'
[0.863s] Level 1:colcon.colcon_core.environment:create_file_with_runtime_dependencies(/root/hogsmeade/src/install/autonomy/share/colcon-core/packages/autonomy)
[0.863s] DEBUG:colcon.colcon_parallel_executor.executor.parallel:closing loop
[0.863s] DEBUG:colcon.colcon_parallel_executor.executor.parallel:loop closed
[0.863s] DEBUG:colcon.colcon_parallel_executor.executor.parallel:run_until_complete finished with '0'
[0.863s] DEBUG:colcon.colcon_core.event_reactor:joining thread
[0.871s] INFO:colcon.colcon_core.plugin_system:Skipping extension 'colcon_notification.desktop_notification.notify_send': Could not find 'notify-send'
[0.871s] INFO:colcon.colcon_core.plugin_system:Skipping extension 'colcon_notification.desktop_notification.terminal_notifier': Not used on non-Darwin systems
[0.871s] INFO:colcon.colcon_core.plugin_system:Skipping extension 'colcon_notification.desktop_notification.win32': Not used on non-Windows systems
[0.871s] INFO:colcon.colcon_notification.desktop_notification:Sending desktop notification using 'notify2'
[0.871s] DEBUG:colcon.colcon_notification.desktop_notification.notify2:Failed to initialize notify2: org.freedesktop.DBus.Error.InvalidFileContent: D-Bus library appears to be incorrectly set up: see the manual page for dbus-uuidgen to correct this issue. (Failed to open "/var/lib/dbus/machine-id": No such file or directory; UUID file '/etc/machine-id' should contain a hex string of length 32, not length 0, with no other text)
[0.871s] DEBUG:colcon.colcon_core.event_reactor:joined thread
[0.871s] INFO:colcon.colcon_core.shell:Creating prefix script '/root/hogsmeade/src/install/local_setup.ps1'
[0.872s] INFO:colcon.colcon_core.shell:Creating prefix util module '/root/hogsmeade/src/install/_local_setup_util_ps1.py'
[0.874s] INFO:colcon.colcon_core.shell:Creating prefix chain script '/root/hogsmeade/src/install/setup.ps1'
[0.875s] INFO:colcon.colcon_core.shell:Creating prefix script '/root/hogsmeade/src/install/local_setup.sh'
[0.876s] INFO:colcon.colcon_core.shell:Creating prefix util module '/root/hogsmeade/src/install/_local_setup_util_sh.py'
[0.877s] INFO:colcon.colcon_core.shell:Creating prefix chain script '/root/hogsmeade/src/install/setup.sh'
[0.878s] INFO:colcon.colcon_core.shell:Creating prefix script '/root/hogsmeade/src/install/local_setup.bash'
[0.878s] INFO:colcon.colcon_core.shell:Creating prefix chain script '/root/hogsmeade/src/install/setup.bash'
[0.879s] INFO:colcon.colcon_core.shell:Creating prefix script '/root/hogsmeade/src/install/local_setup.zsh'
[0.880s] INFO:colcon.colcon_core.shell:Creating prefix chain script '/root/hogsmeade/src/install/setup.zsh'
